{"contracts\\ProductCheck.sol":{"l":{"7":2,"8":2,"12":0,"13":0},"path":"D:\\SandBox\\Task\\contracts\\ProductCheck.sol","s":{"1":2,"2":0},"b":{"1":[2,0],"2":[0,0]},"f":{"1":2,"2":0},"fnMap":{"1":{"name":"quantityCheck","line":6,"loc":{"start":{"line":6,"column":4},"end":{"line":9,"column":4}}},"2":{"name":"productExist","line":11,"loc":{"start":{"line":11,"column":4},"end":{"line":14,"column":4}}}},"statementMap":{"1":{"start":{"line":7,"column":8},"end":{"line":7,"column":53}},"2":{"start":{"line":12,"column":8},"end":{"line":12,"column":66}}},"branchMap":{"1":{"line":7,"type":"if","locations":[{"start":{"line":7,"column":8},"end":{"line":7,"column":8}},{"start":{"line":7,"column":8},"end":{"line":7,"column":8}}]},"2":{"line":12,"type":"if","locations":[{"start":{"line":12,"column":8},"end":{"line":12,"column":8}},{"start":{"line":12,"column":8},"end":{"line":12,"column":8}}]}}},"contracts\\Store.sol":{"l":{"8":2,"9":2,"11":2,"12":0,"13":0,"14":0,"16":2,"17":2,"18":2,"23":0,"25":0,"26":0,"30":0,"31":0,"33":0,"34":0,"35":0,"36":0,"38":0,"42":0,"44":0,"45":0,"47":0,"51":0,"55":0,"56":0,"58":0,"59":0,"60":0,"64":0,"65":0,"69":0,"73":1,"77":0},"path":"D:\\SandBox\\Task\\contracts\\Store.sol","s":{"1":2,"2":2,"3":2,"4":0,"5":0,"6":0,"7":2,"8":2,"9":0,"10":0,"11":0,"12":0,"13":0,"14":0,"15":0,"16":0,"17":0,"18":0,"19":0,"20":0,"21":0,"22":0,"23":0,"24":0,"25":0,"26":0,"27":0,"28":0,"29":0,"30":1,"31":0},"b":{"1":[2,1],"2":[2,0],"3":[2,0],"4":[0,2],"5":[0,0],"6":[0,0],"7":[0,0],"8":[0,0],"9":[0,0],"10":[0,0],"11":[0,0],"12":[0,0],"13":[0,0],"14":[0,0],"15":[0,0]},"f":{"1":2,"2":0,"3":0,"4":0,"5":0,"6":0,"7":0,"8":0,"9":1,"10":0},"fnMap":{"1":{"name":"addProduct","line":7,"loc":{"start":{"line":7,"column":4},"end":{"line":20,"column":4}}},"2":{"name":"updateProductQuantity","line":22,"loc":{"start":{"line":22,"column":4},"end":{"line":27,"column":4}}},"3":{"name":"buyProduct","line":29,"loc":{"start":{"line":29,"column":4},"end":{"line":39,"column":4}}},"4":{"name":"refundProduct","line":41,"loc":{"start":{"line":41,"column":4},"end":{"line":48,"column":4}}},"5":{"name":"setRefundPolicyNumber","line":50,"loc":{"start":{"line":50,"column":4},"end":{"line":52,"column":4}}},"6":{"name":"getProductByName","line":54,"loc":{"start":{"line":54,"column":4},"end":{"line":61,"column":4}}},"7":{"name":"getProductById","line":63,"loc":{"start":{"line":63,"column":4},"end":{"line":66,"column":4}}},"8":{"name":"getProductBuyersById","line":68,"loc":{"start":{"line":68,"column":4},"end":{"line":70,"column":4}}},"9":{"name":"getAllProducts","line":72,"loc":{"start":{"line":72,"column":4},"end":{"line":74,"column":4}}},"10":{"name":"getRefundPolicyNumber","line":76,"loc":{"start":{"line":76,"column":4},"end":{"line":78,"column":4}}}},"statementMap":{"1":{"start":{"line":8,"column":8},"end":{"line":8,"column":69}},"2":{"start":{"line":9,"column":8},"end":{"line":9,"column":54}},"3":{"start":{"line":11,"column":8},"end":{"line":11,"column":403}},"4":{"start":{"line":12,"column":12},"end":{"line":12,"column":65}},"5":{"start":{"line":13,"column":12},"end":{"line":13,"column":52}},"6":{"start":{"line":14,"column":12},"end":{"line":14,"column":88}},"7":{"start":{"line":17,"column":12},"end":{"line":17,"column":60}},"8":{"start":{"line":18,"column":12},"end":{"line":18,"column":54}},"9":{"start":{"line":23,"column":8},"end":{"line":23,"column":41}},"10":{"start":{"line":25,"column":8},"end":{"line":25,"column":54}},"11":{"start":{"line":26,"column":8},"end":{"line":26,"column":77}},"12":{"start":{"line":30,"column":8},"end":{"line":30,"column":35}},"13":{"start":{"line":31,"column":8},"end":{"line":31,"column":54}},"14":{"start":{"line":33,"column":8},"end":{"line":33,"column":67}},"15":{"start":{"line":34,"column":8},"end":{"line":34,"column":89}},"16":{"start":{"line":35,"column":8},"end":{"line":35,"column":34}},"17":{"start":{"line":38,"column":8},"end":{"line":38,"column":37}},"18":{"start":{"line":42,"column":8},"end":{"line":42,"column":35}},"19":{"start":{"line":44,"column":8},"end":{"line":44,"column":32}},"20":{"start":{"line":45,"column":8},"end":{"line":45,"column":54}},"21":{"start":{"line":47,"column":8},"end":{"line":47,"column":30}},"22":{"start":{"line":55,"column":8},"end":{"line":55,"column":69}},"23":{"start":{"line":56,"column":8},"end":{"line":56,"column":59}},"24":{"start":{"line":58,"column":8},"end":{"line":58,"column":54}},"25":{"start":{"line":59,"column":8},"end":{"line":59,"column":61}},"26":{"start":{"line":60,"column":8},"end":{"line":60,"column":30}},"27":{"start":{"line":64,"column":8},"end":{"line":64,"column":54}},"28":{"start":{"line":65,"column":8},"end":{"line":65,"column":30}},"29":{"start":{"line":69,"column":8},"end":{"line":69,"column":32}},"30":{"start":{"line":73,"column":8},"end":{"line":73,"column":23}},"31":{"start":{"line":77,"column":8},"end":{"line":77,"column":33}}},"branchMap":{"1":{"line":7,"type":"if","locations":[{"start":{"line":7,"column":68},"end":{"line":7,"column":68}},{"start":{"line":7,"column":68},"end":{"line":7,"column":68}}]},"2":{"line":7,"type":"if","locations":[{"start":{"line":7,"column":78},"end":{"line":7,"column":78}},{"start":{"line":7,"column":78},"end":{"line":7,"column":78}}]},"3":{"line":7,"type":"if","locations":[{"start":{"line":7,"column":102},"end":{"line":7,"column":102}},{"start":{"line":7,"column":102},"end":{"line":7,"column":102}}]},"4":{"line":11,"type":"if","locations":[{"start":{"line":11,"column":8},"end":{"line":11,"column":8}},{"start":{"line":11,"column":8},"end":{"line":11,"column":8}}]},"5":{"line":22,"type":"if","locations":[{"start":{"line":22,"column":67},"end":{"line":22,"column":67}},{"start":{"line":22,"column":67},"end":{"line":22,"column":67}}]},"6":{"line":22,"type":"if","locations":[{"start":{"line":22,"column":77},"end":{"line":22,"column":77}},{"start":{"line":22,"column":77},"end":{"line":22,"column":77}}]},"7":{"line":29,"type":"if","locations":[{"start":{"line":29,"column":40},"end":{"line":29,"column":40}},{"start":{"line":29,"column":40},"end":{"line":29,"column":40}}]},"8":{"line":29,"type":"if","locations":[{"start":{"line":29,"column":77},"end":{"line":29,"column":77}},{"start":{"line":29,"column":77},"end":{"line":29,"column":77}}]},"9":{"line":34,"type":"if","locations":[{"start":{"line":34,"column":8},"end":{"line":34,"column":8}},{"start":{"line":34,"column":8},"end":{"line":34,"column":8}}]},"10":{"line":41,"type":"if","locations":[{"start":{"line":41,"column":43},"end":{"line":41,"column":43}},{"start":{"line":41,"column":43},"end":{"line":41,"column":43}}]},"11":{"line":50,"type":"if","locations":[{"start":{"line":50,"column":61},"end":{"line":50,"column":61}},{"start":{"line":50,"column":61},"end":{"line":50,"column":61}}]},"12":{"line":54,"type":"if","locations":[{"start":{"line":54,"column":62},"end":{"line":54,"column":62}},{"start":{"line":54,"column":62},"end":{"line":54,"column":62}}]},"13":{"line":56,"type":"if","locations":[{"start":{"line":56,"column":8},"end":{"line":56,"column":8}},{"start":{"line":56,"column":8},"end":{"line":56,"column":8}}]},"14":{"line":63,"type":"if","locations":[{"start":{"line":63,"column":49},"end":{"line":63,"column":49}},{"start":{"line":63,"column":49},"end":{"line":63,"column":49}}]},"15":{"line":68,"type":"if","locations":[{"start":{"line":68,"column":55},"end":{"line":68,"column":55}},{"start":{"line":68,"column":55},"end":{"line":68,"column":55}}]}}},"contracts\\StoreBase.sol":{"l":{"33":2,"37":2,"38":2,"39":2,"40":2,"44":0,"48":0,"49":0,"50":0,"54":0,"56":0,"57":0,"59":0,"60":0,"64":0,"68":0,"69":0,"71":0,"75":4},"path":"D:\\SandBox\\Task\\contracts\\StoreBase.sol","s":{"1":2,"2":2,"3":2,"4":0,"5":0,"6":0,"7":0,"8":0,"9":0,"10":0,"11":0,"12":0,"13":0,"14":4},"b":{"1":[0,0],"2":[0,0],"3":[0,0]},"f":{"1":1,"2":2,"3":0,"4":0,"5":0,"6":0,"7":0,"8":4},"fnMap":{"1":{"name":"constructor","line":15,"loc":{"start":{"line":15,"column":4},"end":{"line":16,"column":4}}},"2":{"name":"internalAddProduct","line":32,"loc":{"start":{"line":32,"column":4},"end":{"line":41,"column":4}}},"3":{"name":"internalUpdateProduct","line":43,"loc":{"start":{"line":43,"column":4},"end":{"line":45,"column":4}}},"4":{"name":"internalAddBuyer","line":47,"loc":{"start":{"line":47,"column":4},"end":{"line":51,"column":4}}},"5":{"name":"internalRefund","line":53,"loc":{"start":{"line":53,"column":4},"end":{"line":61,"column":4}}},"6":{"name":"internalCheckBuyers","line":63,"loc":{"start":{"line":63,"column":4},"end":{"line":65,"column":4}}},"7":{"name":"refundEligable","line":67,"loc":{"start":{"line":67,"column":4},"end":{"line":72,"column":4}}},"8":{"name":"generateId","line":74,"loc":{"start":{"line":74,"column":4},"end":{"line":76,"column":4}}}},"statementMap":{"1":{"start":{"line":33,"column":8},"end":{"line":33,"column":947}},"2":{"start":{"line":37,"column":8},"end":{"line":37,"column":41}},"3":{"start":{"line":39,"column":8},"end":{"line":39,"column":32}},"4":{"start":{"line":48,"column":8},"end":{"line":48,"column":39}},"5":{"start":{"line":50,"column":8},"end":{"line":50,"column":37}},"6":{"start":{"line":54,"column":8},"end":{"line":54,"column":46}},"7":{"start":{"line":56,"column":8},"end":{"line":56,"column":66}},"8":{"start":{"line":57,"column":8},"end":{"line":57,"column":82}},"9":{"start":{"line":59,"column":8},"end":{"line":59,"column":87}},"10":{"start":{"line":64,"column":8},"end":{"line":64,"column":37}},"11":{"start":{"line":68,"column":8},"end":{"line":68,"column":2160}},"12":{"start":{"line":69,"column":12},"end":{"line":69,"column":23}},"13":{"start":{"line":71,"column":8},"end":{"line":71,"column":20}},"14":{"start":{"line":75,"column":8},"end":{"line":75,"column":48}}},"branchMap":{"1":{"line":57,"type":"if","locations":[{"start":{"line":57,"column":8},"end":{"line":57,"column":8}},{"start":{"line":57,"column":8},"end":{"line":57,"column":8}}]},"2":{"line":59,"type":"if","locations":[{"start":{"line":59,"column":8},"end":{"line":59,"column":8}},{"start":{"line":59,"column":8},"end":{"line":59,"column":8}}]},"3":{"line":68,"type":"if","locations":[{"start":{"line":68,"column":8},"end":{"line":68,"column":8}},{"start":{"line":68,"column":8},"end":{"line":68,"column":8}}]}}},"contracts\\Validation.sol":{"l":{"7":2,"8":2},"path":"D:\\SandBox\\Task\\contracts\\Validation.sol","s":{"1":2},"b":{"1":[2,0]},"f":{"1":2},"fnMap":{"1":{"name":"nameCheck","line":6,"loc":{"start":{"line":6,"column":4},"end":{"line":9,"column":4}}}},"statementMap":{"1":{"start":{"line":7,"column":8},"end":{"line":7,"column":68}}},"branchMap":{"1":{"line":7,"type":"if","locations":[{"start":{"line":7,"column":8},"end":{"line":7,"column":8}},{"start":{"line":7,"column":8},"end":{"line":7,"column":8}}]}}}}