{"contracts\\ProductCheck.sol":{"l":{"7":73,"8":71,"12":34,"13":30},"path":"D:\\SandBox\\Task\\contracts\\ProductCheck.sol","s":{"1":73,"2":34},"b":{"1":[71,2],"2":[30,4]},"f":{"1":73,"2":34},"fnMap":{"1":{"name":"quantityCheck","line":6,"loc":{"start":{"line":6,"column":4},"end":{"line":9,"column":4}}},"2":{"name":"productExist","line":11,"loc":{"start":{"line":11,"column":4},"end":{"line":14,"column":4}}}},"statementMap":{"1":{"start":{"line":7,"column":8},"end":{"line":7,"column":53}},"2":{"start":{"line":12,"column":8},"end":{"line":12,"column":66}}},"branchMap":{"1":{"line":7,"type":"if","locations":[{"start":{"line":7,"column":8},"end":{"line":7,"column":8}},{"start":{"line":7,"column":8},"end":{"line":7,"column":8}}]},"2":{"line":12,"type":"if","locations":[{"start":{"line":12,"column":8},"end":{"line":12,"column":8}},{"start":{"line":12,"column":8},"end":{"line":12,"column":8}}]}}},"contracts\\Store.sol":{"l":{"8":58,"9":58,"11":58,"12":2,"13":2,"14":2,"16":56,"17":56,"18":56,"23":6,"25":6,"26":6,"30":12,"31":12,"33":12,"34":12,"35":11,"36":11,"38":11,"42":5,"44":5,"45":3,"47":3,"51":27,"55":3,"56":3,"58":2,"59":2,"60":2,"64":6,"65":6,"69":1,"73":6,"77":2},"path":"D:\\SandBox\\Task\\contracts\\Store.sol","s":{"1":58,"2":58,"3":58,"4":2,"5":2,"6":2,"7":56,"8":56,"9":6,"10":6,"11":6,"12":12,"13":12,"14":12,"15":12,"16":11,"17":11,"18":5,"19":5,"20":3,"21":3,"22":3,"23":3,"24":2,"25":2,"26":2,"27":6,"28":6,"29":1,"30":6,"31":2},"b":{"1":[60,1],"2":[59,1],"3":[58,1],"4":[2,56],"5":[7,1],"6":[6,1],"7":[12,1],"8":[12,0],"9":[11,1],"10":[5,1],"11":[27,1],"12":[3,1],"13":[2,1],"14":[6,1],"15":[1,1]},"f":{"1":58,"2":6,"3":12,"4":5,"5":27,"6":3,"7":6,"8":1,"9":6,"10":2},"fnMap":{"1":{"name":"addProduct","line":7,"loc":{"start":{"line":7,"column":4},"end":{"line":20,"column":4}}},"2":{"name":"updateProductQuantity","line":22,"loc":{"start":{"line":22,"column":4},"end":{"line":27,"column":4}}},"3":{"name":"buyProduct","line":29,"loc":{"start":{"line":29,"column":4},"end":{"line":39,"column":4}}},"4":{"name":"refundProduct","line":41,"loc":{"start":{"line":41,"column":4},"end":{"line":48,"column":4}}},"5":{"name":"setRefundPolicyNumber","line":50,"loc":{"start":{"line":50,"column":4},"end":{"line":52,"column":4}}},"6":{"name":"getProductByName","line":54,"loc":{"start":{"line":54,"column":4},"end":{"line":61,"column":4}}},"7":{"name":"getProductById","line":63,"loc":{"start":{"line":63,"column":4},"end":{"line":66,"column":4}}},"8":{"name":"getProductBuyersById","line":68,"loc":{"start":{"line":68,"column":4},"end":{"line":70,"column":4}}},"9":{"name":"getAllProducts","line":72,"loc":{"start":{"line":72,"column":4},"end":{"line":74,"column":4}}},"10":{"name":"getRefundPolicyNumber","line":76,"loc":{"start":{"line":76,"column":4},"end":{"line":78,"column":4}}}},"statementMap":{"1":{"start":{"line":8,"column":8},"end":{"line":8,"column":69}},"2":{"start":{"line":9,"column":8},"end":{"line":9,"column":54}},"3":{"start":{"line":11,"column":8},"end":{"line":11,"column":413}},"4":{"start":{"line":12,"column":12},"end":{"line":12,"column":65}},"5":{"start":{"line":13,"column":12},"end":{"line":13,"column":52}},"6":{"start":{"line":14,"column":12},"end":{"line":14,"column":88}},"7":{"start":{"line":17,"column":12},"end":{"line":17,"column":60}},"8":{"start":{"line":18,"column":12},"end":{"line":18,"column":54}},"9":{"start":{"line":23,"column":8},"end":{"line":23,"column":41}},"10":{"start":{"line":25,"column":8},"end":{"line":25,"column":54}},"11":{"start":{"line":26,"column":8},"end":{"line":26,"column":77}},"12":{"start":{"line":30,"column":8},"end":{"line":30,"column":35}},"13":{"start":{"line":31,"column":8},"end":{"line":31,"column":54}},"14":{"start":{"line":33,"column":8},"end":{"line":33,"column":67}},"15":{"start":{"line":34,"column":8},"end":{"line":34,"column":89}},"16":{"start":{"line":35,"column":8},"end":{"line":35,"column":34}},"17":{"start":{"line":38,"column":8},"end":{"line":38,"column":37}},"18":{"start":{"line":42,"column":8},"end":{"line":42,"column":35}},"19":{"start":{"line":44,"column":8},"end":{"line":44,"column":32}},"20":{"start":{"line":45,"column":8},"end":{"line":45,"column":54}},"21":{"start":{"line":47,"column":8},"end":{"line":47,"column":30}},"22":{"start":{"line":55,"column":8},"end":{"line":55,"column":69}},"23":{"start":{"line":56,"column":8},"end":{"line":56,"column":59}},"24":{"start":{"line":58,"column":8},"end":{"line":58,"column":54}},"25":{"start":{"line":59,"column":8},"end":{"line":59,"column":61}},"26":{"start":{"line":60,"column":8},"end":{"line":60,"column":30}},"27":{"start":{"line":64,"column":8},"end":{"line":64,"column":54}},"28":{"start":{"line":65,"column":8},"end":{"line":65,"column":30}},"29":{"start":{"line":69,"column":8},"end":{"line":69,"column":32}},"30":{"start":{"line":73,"column":8},"end":{"line":73,"column":23}},"31":{"start":{"line":77,"column":8},"end":{"line":77,"column":33}}},"branchMap":{"1":{"line":7,"type":"if","locations":[{"start":{"line":7,"column":68},"end":{"line":7,"column":68}},{"start":{"line":7,"column":68},"end":{"line":7,"column":68}}]},"2":{"line":7,"type":"if","locations":[{"start":{"line":7,"column":78},"end":{"line":7,"column":78}},{"start":{"line":7,"column":78},"end":{"line":7,"column":78}}]},"3":{"line":7,"type":"if","locations":[{"start":{"line":7,"column":102},"end":{"line":7,"column":102}},{"start":{"line":7,"column":102},"end":{"line":7,"column":102}}]},"4":{"line":11,"type":"if","locations":[{"start":{"line":11,"column":8},"end":{"line":11,"column":8}},{"start":{"line":11,"column":8},"end":{"line":11,"column":8}}]},"5":{"line":22,"type":"if","locations":[{"start":{"line":22,"column":67},"end":{"line":22,"column":67}},{"start":{"line":22,"column":67},"end":{"line":22,"column":67}}]},"6":{"line":22,"type":"if","locations":[{"start":{"line":22,"column":77},"end":{"line":22,"column":77}},{"start":{"line":22,"column":77},"end":{"line":22,"column":77}}]},"7":{"line":29,"type":"if","locations":[{"start":{"line":29,"column":40},"end":{"line":29,"column":40}},{"start":{"line":29,"column":40},"end":{"line":29,"column":40}}]},"8":{"line":29,"type":"if","locations":[{"start":{"line":29,"column":77},"end":{"line":29,"column":77}},{"start":{"line":29,"column":77},"end":{"line":29,"column":77}}]},"9":{"line":34,"type":"if","locations":[{"start":{"line":34,"column":8},"end":{"line":34,"column":8}},{"start":{"line":34,"column":8},"end":{"line":34,"column":8}}]},"10":{"line":41,"type":"if","locations":[{"start":{"line":41,"column":43},"end":{"line":41,"column":43}},{"start":{"line":41,"column":43},"end":{"line":41,"column":43}}]},"11":{"line":50,"type":"if","locations":[{"start":{"line":50,"column":61},"end":{"line":50,"column":61}},{"start":{"line":50,"column":61},"end":{"line":50,"column":61}}]},"12":{"line":54,"type":"if","locations":[{"start":{"line":54,"column":62},"end":{"line":54,"column":62}},{"start":{"line":54,"column":62},"end":{"line":54,"column":62}}]},"13":{"line":56,"type":"if","locations":[{"start":{"line":56,"column":8},"end":{"line":56,"column":8}},{"start":{"line":56,"column":8},"end":{"line":56,"column":8}}]},"14":{"line":63,"type":"if","locations":[{"start":{"line":63,"column":49},"end":{"line":63,"column":49}},{"start":{"line":63,"column":49},"end":{"line":63,"column":49}}]},"15":{"line":68,"type":"if","locations":[{"start":{"line":68,"column":55},"end":{"line":68,"column":55}},{"start":{"line":68,"column":55},"end":{"line":68,"column":55}}]}}},"contracts\\StoreBase.sol":{"l":{"33":56,"37":56,"38":56,"39":56,"40":56,"44":8,"48":11,"49":11,"50":11,"54":5,"56":5,"57":5,"59":4,"60":3,"64":12,"68":5,"69":4,"71":1,"75":116},"path":"D:\\SandBox\\Task\\contracts\\StoreBase.sol","s":{"1":56,"2":56,"3":56,"4":11,"5":11,"6":5,"7":5,"8":5,"9":4,"10":12,"11":5,"12":4,"13":1,"14":116},"b":{"1":[4,1],"2":[3,1],"3":[4,1]},"f":{"1":1,"2":56,"3":8,"4":11,"5":5,"6":12,"7":5,"8":116},"fnMap":{"1":{"name":"constructor","line":15,"loc":{"start":{"line":15,"column":4},"end":{"line":16,"column":4}}},"2":{"name":"internalAddProduct","line":32,"loc":{"start":{"line":32,"column":4},"end":{"line":41,"column":4}}},"3":{"name":"internalUpdateProduct","line":43,"loc":{"start":{"line":43,"column":4},"end":{"line":45,"column":4}}},"4":{"name":"internalAddBuyer","line":47,"loc":{"start":{"line":47,"column":4},"end":{"line":51,"column":4}}},"5":{"name":"internalRefund","line":53,"loc":{"start":{"line":53,"column":4},"end":{"line":61,"column":4}}},"6":{"name":"internalCheckBuyers","line":63,"loc":{"start":{"line":63,"column":4},"end":{"line":65,"column":4}}},"7":{"name":"refundEligable","line":67,"loc":{"start":{"line":67,"column":4},"end":{"line":72,"column":4}}},"8":{"name":"generateId","line":74,"loc":{"start":{"line":74,"column":4},"end":{"line":76,"column":4}}}},"statementMap":{"1":{"start":{"line":33,"column":8},"end":{"line":33,"column":947}},"2":{"start":{"line":37,"column":8},"end":{"line":37,"column":41}},"3":{"start":{"line":39,"column":8},"end":{"line":39,"column":32}},"4":{"start":{"line":48,"column":8},"end":{"line":48,"column":39}},"5":{"start":{"line":50,"column":8},"end":{"line":50,"column":37}},"6":{"start":{"line":54,"column":8},"end":{"line":54,"column":46}},"7":{"start":{"line":56,"column":8},"end":{"line":56,"column":66}},"8":{"start":{"line":57,"column":8},"end":{"line":57,"column":82}},"9":{"start":{"line":59,"column":8},"end":{"line":59,"column":87}},"10":{"start":{"line":64,"column":8},"end":{"line":64,"column":37}},"11":{"start":{"line":68,"column":8},"end":{"line":68,"column":2160}},"12":{"start":{"line":69,"column":12},"end":{"line":69,"column":23}},"13":{"start":{"line":71,"column":8},"end":{"line":71,"column":20}},"14":{"start":{"line":75,"column":8},"end":{"line":75,"column":48}}},"branchMap":{"1":{"line":57,"type":"if","locations":[{"start":{"line":57,"column":8},"end":{"line":57,"column":8}},{"start":{"line":57,"column":8},"end":{"line":57,"column":8}}]},"2":{"line":59,"type":"if","locations":[{"start":{"line":59,"column":8},"end":{"line":59,"column":8}},{"start":{"line":59,"column":8},"end":{"line":59,"column":8}}]},"3":{"line":68,"type":"if","locations":[{"start":{"line":68,"column":8},"end":{"line":68,"column":8}},{"start":{"line":68,"column":8},"end":{"line":68,"column":8}}]}}},"contracts\\Validation.sol":{"l":{"7":63,"8":61},"path":"D:\\SandBox\\Task\\contracts\\Validation.sol","s":{"1":63},"b":{"1":[61,2]},"f":{"1":63},"fnMap":{"1":{"name":"nameCheck","line":6,"loc":{"start":{"line":6,"column":4},"end":{"line":9,"column":4}}}},"statementMap":{"1":{"start":{"line":7,"column":8},"end":{"line":7,"column":68}}},"branchMap":{"1":{"line":7,"type":"if","locations":[{"start":{"line":7,"column":8},"end":{"line":7,"column":8}},{"start":{"line":7,"column":8},"end":{"line":7,"column":8}}]}}}}