TN:
SF:D:\SandBox\Task\contracts\ProductCheck.sol
FN:6,quantityCheck
FN:11,productExist
FNF:2
FNH:2
FNDA:110,quantityCheck
FNDA:56,productExist
DA:7,110
DA:8,106
DA:12,56
DA:13,54
LF:4
LH:4
BRDA:7,1,0,106
BRDA:7,1,1,4
BRDA:12,2,0,54
BRDA:12,2,1,2
BRF:4
BRH:4
end_of_record
TN:
SF:D:\SandBox\Task\contracts\Store.sol
FN:7,addProduct
FN:22,updateProductQuantity
FN:29,buyProduct
FN:41,refundProduct
FN:50,setRefundPolicyNumber
FN:54,getProductByName
FN:63,getProductById
FN:68,getProductBuyersById
FN:72,getAllProducts
FN:76,getRefundPolicyNumber
FNF:10
FNH:10
FNDA:82,addProduct
FNDA:10,updateProductQuantity
FNDA:22,buyProduct
FNDA:8,refundProduct
FNDA:40,setRefundPolicyNumber
FNDA:4,getProductByName
FNDA:12,getProductById
FNDA:2,getProductBuyersById
FNDA:10,getAllProducts
FNDA:2,getRefundPolicyNumber
DA:8,82
DA:9,82
DA:11,82
DA:12,2
DA:13,2
DA:14,2
DA:16,80
DA:17,80
DA:18,80
DA:23,10
DA:25,10
DA:26,10
DA:30,22
DA:31,22
DA:33,22
DA:34,22
DA:35,20
DA:36,20
DA:38,20
DA:42,8
DA:44,8
DA:45,6
DA:47,6
DA:51,40
DA:55,4
DA:56,4
DA:58,4
DA:59,4
DA:60,4
DA:64,12
DA:65,12
DA:69,2
DA:73,10
DA:77,2
LF:34
LH:34
BRDA:7,1,0,86
BRDA:7,1,1,2
BRDA:7,2,0,84
BRDA:7,2,1,2
BRDA:7,3,0,82
BRDA:7,3,1,2
BRDA:11,4,0,2
BRDA:11,4,1,80
BRDA:22,5,0,12
BRDA:22,5,1,2
BRDA:22,6,0,10
BRDA:22,6,1,2
BRDA:29,7,0,22
BRDA:29,7,1,4
BRDA:29,8,0,22
BRDA:29,8,1,0
BRDA:34,9,0,20
BRDA:34,9,1,2
BRDA:41,10,0,8
BRDA:41,10,1,0
BRDA:50,11,0,40
BRDA:50,11,1,0
BRDA:54,12,0,4
BRDA:54,12,1,0
BRDA:56,13,0,4
BRDA:56,13,1,0
BRDA:63,14,0,12
BRDA:63,14,1,0
BRDA:68,15,0,2
BRDA:68,15,1,0
BRF:30
BRH:23
end_of_record
TN:
SF:D:\SandBox\Task\contracts\StoreBase.sol
FN:15,constructor
FN:32,internalAddProduct
FN:43,internalUpdateProduct
FN:47,internalAddBuyer
FN:53,internalRefund
FN:63,internalCheckBuyers
FN:67,refundEligable
FN:74,generateId
FNF:8
FNH:8
FNDA:2,constructor
FNDA:80,internalAddProduct
FNDA:12,internalUpdateProduct
FNDA:20,internalAddBuyer
FNDA:8,internalRefund
FNDA:22,internalCheckBuyers
FNDA:8,refundEligable
FNDA:166,generateId
DA:33,80
DA:37,80
DA:38,80
DA:39,80
DA:40,80
DA:44,12
DA:48,20
DA:49,20
DA:50,20
DA:54,8
DA:56,8
DA:57,8
DA:59,6
DA:60,6
DA:64,22
DA:68,8
DA:69,6
DA:71,2
DA:75,166
LF:19
LH:19
BRDA:57,1,0,6
BRDA:57,1,1,2
BRDA:59,2,0,6
BRDA:59,2,1,0
BRDA:68,3,0,6
BRDA:68,3,1,2
BRF:6
BRH:5
end_of_record
TN:
SF:D:\SandBox\Task\contracts\Validation.sol
FN:6,nameCheck
FNF:1
FNH:1
FNDA:88,nameCheck
DA:7,88
DA:8,86
LF:2
LH:2
BRDA:7,1,0,86
BRDA:7,1,1,2
BRF:2
BRH:2
end_of_record
