TN:
SF:D:\SandBox\Task\contracts\ProductCheck.sol
FN:6,quantityCheck
FN:11,productExist
FNF:2
FNH:2
FNDA:130,quantityCheck
FNDA:64,productExist
DA:7,130
DA:8,126
DA:12,64
DA:13,60
LF:4
LH:4
BRDA:7,1,0,126
BRDA:7,1,1,4
BRDA:12,2,0,60
BRDA:12,2,1,4
BRF:4
BRH:4
end_of_record
TN:
SF:D:\SandBox\Task\contracts\Store.sol
FN:7,addProduct
FN:22,updateProductQuantity
FN:29,buyProduct
FN:41,refundProduct
FN:50,setRefundPolicyNumber
FN:54,getProductByName
FN:63,getProductById
FN:68,getProductBuyersById
FN:72,getAllProducts
FN:76,getRefundPolicyNumber
FNF:10
FNH:10
FNDA:100,addProduct
FNDA:12,updateProductQuantity
FNDA:24,buyProduct
FNDA:10,refundProduct
FNDA:46,setRefundPolicyNumber
FNDA:4,getProductByName
FNDA:12,getProductById
FNDA:2,getProductBuyersById
FNDA:12,getAllProducts
FNDA:4,getRefundPolicyNumber
DA:8,100
DA:9,100
DA:11,100
DA:12,4
DA:13,4
DA:14,4
DA:16,96
DA:17,96
DA:18,96
DA:23,12
DA:25,12
DA:26,12
DA:30,24
DA:31,24
DA:33,24
DA:34,24
DA:35,22
DA:36,22
DA:38,22
DA:42,10
DA:44,10
DA:45,6
DA:47,6
DA:51,46
DA:55,4
DA:56,4
DA:58,4
DA:59,4
DA:60,4
DA:64,12
DA:65,12
DA:69,2
DA:73,12
DA:77,4
LF:34
LH:34
BRDA:7,1,0,104
BRDA:7,1,1,2
BRDA:7,2,0,102
BRDA:7,2,1,2
BRDA:7,3,0,100
BRDA:7,3,1,2
BRDA:11,4,0,4
BRDA:11,4,1,96
BRDA:22,5,0,14
BRDA:22,5,1,2
BRDA:22,6,0,12
BRDA:22,6,1,2
BRDA:29,7,0,24
BRDA:29,7,1,4
BRDA:29,8,0,24
BRDA:29,8,1,0
BRDA:34,9,0,22
BRDA:34,9,1,2
BRDA:41,10,0,10
BRDA:41,10,1,2
BRDA:50,11,0,46
BRDA:50,11,1,0
BRDA:54,12,0,4
BRDA:54,12,1,0
BRDA:56,13,0,4
BRDA:56,13,1,0
BRDA:63,14,0,12
BRDA:63,14,1,0
BRDA:68,15,0,2
BRDA:68,15,1,0
BRF:30
BRH:24
end_of_record
TN:
SF:D:\SandBox\Task\contracts\StoreBase.sol
FN:15,constructor
FN:32,internalAddProduct
FN:43,internalUpdateProduct
FN:47,internalAddBuyer
FN:53,internalRefund
FN:63,internalCheckBuyers
FN:67,refundEligable
FN:74,generateId
FNF:8
FNH:8
FNDA:2,constructor
FNDA:96,internalAddProduct
FNDA:16,internalUpdateProduct
FNDA:22,internalAddBuyer
FNDA:10,internalRefund
FNDA:24,internalCheckBuyers
FNDA:10,refundEligable
FNDA:200,generateId
DA:33,96
DA:37,96
DA:38,96
DA:39,96
DA:40,96
DA:44,16
DA:48,22
DA:49,22
DA:50,22
DA:54,10
DA:56,10
DA:57,10
DA:59,8
DA:60,6
DA:64,24
DA:68,10
DA:69,8
DA:71,2
DA:75,200
LF:19
LH:19
BRDA:57,1,0,8
BRDA:57,1,1,2
BRDA:59,2,0,6
BRDA:59,2,1,2
BRDA:68,3,0,8
BRDA:68,3,1,2
BRF:6
BRH:6
end_of_record
TN:
SF:D:\SandBox\Task\contracts\Validation.sol
FN:6,nameCheck
FNF:1
FNH:1
FNDA:106,nameCheck
DA:7,106
DA:8,104
LF:2
LH:2
BRDA:7,1,0,104
BRDA:7,1,1,2
BRF:2
BRH:2
end_of_record
